#	Mon Oct  1 14:58:08 2018:  Started at  Mon Oct  1 14:58:08 2018
#	Application name: /home/irina/Eclipseworkspace/accordion_V9.X/Debug/accordion_V9.X  Version 9.0
#	 от 26.09.2018
#	Pid                  : 9701
#	Log      file name   : ./log/0/a236.log
#	Config   file name   : /home/irina/Eclipseworkspace/accordion_V9.X/conf/Template.ini
#	Playlist file name   : /ssd
#	Mount point          : a236
#	Stream name          : Eltom John
#	Address              : 127.0.0.1
#	Port                 : 8000
#	Loglevel             : debug
#	
#	Mon Oct  1 14:59:01 2018:  Started at  Mon Oct  1 14:59:01 2018
#	Application name: /home/irina/Eclipseworkspace/accordion_V9.X/Debug/accordion_V9.X  Version 9.0
#	 от 26.09.2018
#	Pid                  : 9775
#	Log      file name   : ./log/0/a236.log
#	Config   file name   : /home/irina/Eclipseworkspace/accordion_V9.X/conf/Template.ini
#	Playlist file name   : /ssd
#	Mount point          : a236
#	Stream name          : Eltom John
#	Address              : 127.0.0.1
#	Port                 : 8000
#	Loglevel             : debug
#	
#	Mon Oct  1 18:08:04 2018:  #	Mon Oct  1 18:15:02 2018:  Started at  Mon Oct  1 18:15:02 2018
#	Application name: /home/irina/Eclipseworkspace/accordion_V9.X/Debug/accordion_V9.X  Version 9.0
#	 от 26.09.2018
#	Pid                  : 21622
#	Log      file name   : ./log/0/a236.log
#	Config   file name   : /home/irina/Eclipseworkspace/accordion_V9.X/conf/Template.ini
#	Playlist file name   : /ssd
#	Mount point          : a236
#	Stream name          : Eltom John
#	Address              : 127.0.0.1
#	Port                 : 8000
#	Loglevel             : debug
#	
#	Mon Oct  1 18:16:42 2018:  #	Mon Oct  1 18:22:52 2018:  #	Mon Oct  1 18:24:45 2018:  Started at  Mon Oct  1 18:24:45 2018
#	Application name: /home/irina/Eclipseworkspace/accordion_V9.X/Debug/accordion_V9.X  Version 9.0
#	 от 26.09.2018
#	Pid                  : 22230
#	Log      file name   : ./log/0/a236.log
#	Config   file name   : /home/irina/Eclipseworkspace/accordion_V9.X/conf/Template.ini
#	Playlist file name   : /ssd
#	Mount point          : a236
#	Stream name          : Eltom John
#	Address              : ic2.101.ru
#	Port                 : 8000
#	Loglevel             : warning
#	
#	Mon Oct  1 18:28:00 2018:  #	Mon Oct  1 18:54:38 2018:  #	Tue Oct  2 13:20:44 2018:  Started at  Tue Oct  2 13:20:44 2018
#	Application name: /home/irina/Eclipseworkspace/accordion_V9.X/Debug/accordion_V9.X  Version 9.0
#	 от 26.09.2018
#	Pid                  : 10438
#	Log      file name   : ./log/0/a236.log
#	Config   file name   : /home/irina/Eclipseworkspace/accordion_V9.X/conf/Template.ini
#	Playlist file name   : /ssd
#	Mount point          : a236
#	Stream name          : Eltom John
#	Address              : ic2.101.ru
#	Port                 : 8000
#	Loglevel             : warning
#	
#	Tue Oct  2 13:22:20 2018:  #	Tue Oct  2 13:25:45 2018:  Started at  Tue Oct  2 13:25:45 2018
#	Application name: /home/irina/Eclipseworkspace/accordion_V9.X/Debug/accordion_V9.X  Version 9.0
#	 от 26.09.2018
#	Pid                  : 10691
#	Log      file name   : ./log/0/a236.log
#	Config   file name   : /home/irina/Eclipseworkspace/accordion_V9.X/conf/Template.ini
#	Playlist file name   : /ssd
#	Mount point          : a236
#	Stream name          : Eltom John
#	Address              : ic2.101.ru
#	Port                 : 8000
#	Loglevel             : warning
#	
#	Tue Oct  2 13:50:30 2018:  #	Tue Oct  2 13:52:22 2018:  Started at  Tue Oct  2 13:52:22 2018
#	Application name: /home/irina/Eclipseworkspace/accordion_V9.X/Debug/accordion_V9.X  Version 9.0
#	 от 26.09.2018
#	Pid                  : 12060
#	Log      file name   : ./log/0/a236.log
#	Config   file name   : /home/irina/Eclipseworkspace/accordion_V9.X/conf/Template.ini
#	Playlist file name   : /ssd
#	Mount point          : a236
#	Stream name          : Eltom John
#	Address              : ic2.101.ru
#	Port                 : 8000
#	Loglevel             : warning
#	
#	Tue Oct  2 13:52:37 2018:  Started at  Tue Oct  2 13:52:37 2018
#	Application name: /home/irina/Eclipseworkspace/accordion_V9.X/Debug/accordion_V9.X  Version 9.0
#	 от 26.09.2018
#	Pid                  : 12092
#	Log      file name   : ./log/0/a236.log
#	Config   file name   : /home/irina/Eclipseworkspace/accordion_V9.X/conf/Template.ini
#	Playlist file name   : /ssd
#	Mount point          : a236
#	Stream name          : Eltom John
#	Address              : ic2.101.ru
#	Port                 : 8000
#	Loglevel             : warning
#	
#	Tue Oct  2 13:54:14 2018:  Started at  Tue Oct  2 13:54:14 2018
#	Application name: /home/irina/Eclipseworkspace/accordion_V9.X/Debug/accordion_V9.X  Version 9.0
#	 от 26.09.2018
#	Pid                  : 12172
#	Log      file name   : ./log/0/a236.log
#	Config   file name   : /home/irina/Eclipseworkspace/accordion_V9.X/conf/Template.ini
#	Playlist file name   : /ssd
#	Mount point          : a236
#	Stream name          : Eltom John
#	Address              : ic2.101.ru
#	Port                 : 8000
#	Loglevel             : warning
#	
#	Thu Oct  4 12:26:25 2018:  #	Thu Oct  4 12:28:59 2018:  #	Thu Oct  4 12:38:38 2018:  & 1538645918 Started at 0x7fe3a33f6de0 Application name: %s  Version 9.1
#	 от 04.10.2018 common::application_name 
#	                 Pid : 7266
#	  Log      file name : ./log/0/a236.log
#	  Config   file name : /home/irina/Eclipseworkspace/accordion_V9.X/conf/Template.ini
#	  Playlist file name : /ssd
#	         Mount point : a236
#	         Stream name : Eltom John
#	             Address : ic2.101.ru
#	               Port  : 8000
#	            Loglevel : warning
#	
#	Thu Oct  4 12:40:11 2018:  #	Thu Oct  4 12:42:12 2018:  #	Thu Oct  4 12:43:58 2018:  & 1538646238 Started at Thu Oct  4 12:43:58 2018
#	 Application name: /home/irina/Eclipseworkspace/accordion_V9.X/Debug/accordion_V9.X  Version 9.1
#	 от 04.10.2018
#	Pid                  : 7584
#	Log      file name   : ./log/0/a236.log
#	Config   file name   : /home/irina/Eclipseworkspace/accordion_V9.X/conf/Template.ini
#	Playlist file name   : /ssd
#	Mount point          : a236
#	Stream name          : Eltom John
#	Address              : ic2.101.ru
#	Port                 : 8000
#	Loglevel             : warning
#	
#	Thu Oct  4 12:44:34 2018:  & 1538646274 Started at Thu Oct  4 12:44:34 2018 Application name: /home/irina/Eclipseworkspace/accordion_V9.X/Debug/accordion_V9.X  Version 9.1
#	 от 04.10.2018
#	Pid                  : 7663
#	Log      file name   : ./log/0/a236.log
#	Config   file name   : /home/irina/Eclipseworkspace/accordion_V9.X/conf/Template.ini
#	Playlist file name   : /ssd
#	Mount point          : a236
#	Stream name          : Eltom John
#	Address              : ic2.101.ru
#	Port                 : 8000
#	Loglevel             : warning
#	
#	Thu Oct  4 12:46:08 2018:  
#	& 1538646368 Started at Thu Oct  4 12:46:08 2018 Application name: /home/irina/Eclipseworkspace/accordion_V9.X/Debug/accordion_V9.X  Version 9.1 от 04.10.2018
#	Pid                  : 7785
#	Log      file name   : ./log/0/a236.log
#	Config   file name   : /home/irina/Eclipseworkspace/accordion_V9.X/conf/Template.ini
#	Playlist file name   : /ssd
#	Mount point          : a236
#	Stream name          : Eltom John
#	Address              : ic2.101.ru
#	Port                 : 8000
#	Loglevel             : warning
#	
#	Thu Oct  4 13:01:08 2018:  #	Thu Oct  4 13:02:30 2018:  #	Thu Oct  4 13:06:49 2018:  
#	& 1538647609 Started at Thu Oct  4 13:06:49 2018 Application name: /home/irina/Eclipseworkspace/accordion_V9.X/Debug/accordion_V9.X  Version 9.1 от 04.10.2018
#	Pid                  : 8710
#	Log      file name   : ./log/0/a236.log
#	Config   file name   : /home/irina/Eclipseworkspace/accordion_V9.X/conf/Template.ini
#	Playlist file name   : /ssd
#	Mount point          : a236
#	Stream name          : Eltom John
#	Address              : ic2.101.ru
#	Port                 : 8000
#	Loglevel             : warning
#	
#	Thu Oct  4 13:34:13 2018:  #	Thu Oct  4 13:34:51 2018:  
#	& 1538649291 Started at Thu Oct  4 13:34:51 2018 Application name: /home/irina/Eclipseworkspace/accordion_V9.X/Debug/accordion_V9.X  Version 9.1 от 04.10.2018
#	Pid                  : 9456
#	Log      file name   : ./log/0/a236.log
#	Config   file name   : /home/irina/Eclipseworkspace/accordion_V9.X/conf/Template.ini
#	Playlist file name   : /ssd
#	Mount point          : a236
#	Stream name          : Eltom John
#	Address              : ic2.101.ru
#	Port                 : 8000
#	Loglevel             : warning
#	
#	Thu Oct  4 13:37:00 2018:  
#	& 1538649420 Started at Thu Oct  4 13:37:00 2018 Application name: /home/irina/Eclipseworkspace/accordion_V9.X/Debug/accordion_V9.X  Version 9.1 от 04.10.2018
#	Pid                  : 9583
#	Log      file name   : ./log/0/a236.log
#	Config   file name   : /home/irina/Eclipseworkspace/accordion_V9.X/conf/Template.ini
#	Playlist file name   : /ssd
#	Mount point          : a236
#	Stream name          : Eltom John
#	Address              : ic2.101.ru
#	Port                 : 8000
#	Loglevel             : warning
#	
#	Thu Oct  4 13:39:03 2018:  #	Thu Oct  4 13:39:57 2018:  
#	& 1538649597 Started at Thu Oct  4 13:39:57 2018 Application name: /home/irina/Eclipseworkspace/accordion_V9.X/Debug/accordion_V9.X  Version 9.1 от 04.10.2018
#	Pid                  : 9812
#	Log      file name   : ./log/0/a236.log
#	Config   file name   : /home/irina/Eclipseworkspace/accordion_V9.X/conf/Template.ini
#	Playlist file name   : /ssd
#	Mount point          : a236
#	Stream name          : Eltom John
#	Address              : ic2.101.ru
#	Port                 : 8000
#	Loglevel             : warning
#	
#	Thu Oct  4 13:41:49 2018:  
#	& 1538649709 Started at Thu Oct  4 13:41:49 2018 Application name: /home/irina/Eclipseworkspace/accordion_V9.X/Debug/accordion_V9.X  Version 9.1 от 04.10.2018
#	Pid                  : 9960
#	Log      file name   : ./log/0/a236.log
#	Config   file name   : /home/irina/Eclipseworkspace/accordion_V9.X/conf/Template.ini
#	Playlist file name   : /ssd
#	Mount point          : a236
#	Stream name          : Eltom John
#	Address              : ic2.101.ru
#	Port                 : 8000
#	Loglevel             : warning
#	
#	Thu Oct  4 13:53:09 2018:  
#	& 1538650389 Started at Thu Oct  4 13:53:09 2018 Application name: /home/irina/Eclipseworkspace/accordion_V9.X/Debug/accordion_V9.X  Version 9.1 от 04.10.2018
#	Pid                  : 10161
#	Log      file name   : ./log/0/a236.log
#	Config   file name   : /home/irina/Eclipseworkspace/accordion_V9.X/conf/Template.ini
#	Playlist file name   : /ssd
#	Mount point          : a236
#	Stream name          : Eltom John
#	Address              : ic2.101.ru
#	Port                 : 8000
#	Loglevel             : warning
#	
#	Thu Oct  4 14:02:18 2018:  
#	& 1538650938 Started at Thu Oct  4 14:02:18 2018 Application name: /home/irina/Eclipseworkspace/accordion_V9.X/Debug/accordion_V9.X  Version 9.1 от 04.10.2018
#	Pid                  : 10318
#	Log      file name   : ./log/0/a236.log
#	Config   file name   : /home/irina/Eclipseworkspace/accordion_V9.X/conf/Template.ini
#	Playlist file name   : /ssd
#	Mount point          : a236
#	Stream name          : Eltom John
#	Address              : ic2.101.ru
#	Port                 : 8000
#	Loglevel             : warning
#	
#	Thu Oct  4 14:20:53 2018:  
#	& 1538652053 Started at Thu Oct  4 14:20:53 2018 Application name: /home/irina/Eclipseworkspace/accordion_V9.X/Debug/accordion_V9.X  Version 9.1 от 04.10.2018
#	Pid                  : 10840
#	Log      file name   : ./log/0/a236.log
#	Config   file name   : /home/irina/Eclipseworkspace/accordion_V9.X/conf/Template.ini
#	Playlist file name   : /ssd
#	Mount point          : a236
#	Stream name          : Eltom John
#	Address              : ic2.101.ru
#	Port                 : 8000
#	Loglevel             : warning
#	
#	Mon Oct  8 11:47:40 2018:  
#	& 1538988460 Started at Mon Oct  8 11:47:40 2018 Application name: /home/irina/Eclipseworkspace/accordion_V9.X/Debug/accordion_V9.X  Version 9.2 от 04.10.2018
#	Pid                  : 15941
#	Log      file name   : ./log/0/a236.log
#	Config   file name   : /home/irina/Eclipseworkspace/accordion_V9.X/conf/Template.ini
#	Playlist file name   : /ssd
#	Mount point          : a236
#	Stream name          : Eltom John
#	Address              : ic2.101.ru
#	Port                 : 8000
#	Loglevel             : warning
#	
#	Mon Oct  8 11:50:20 2018:  #	Mon Oct  8 11:57:33 2018:  
#	& 1538989053 Started at Mon Oct  8 11:57:33 2018 Application name: /home/irina/Eclipseworkspace/accordion_V9.X/Debug/accordion_V9.X  Version 9.2 от 04.10.2018
#	Pid                  : 16356
#	Log      file name   : ./log/0/a236.log
#	Config   file name   : /home/irina/Eclipseworkspace/accordion_V9.X/conf/Template.ini
#	Playlist file name   : /ssd
#	Mount point          : a236
#	Stream name          : Eltom John
#	Address              : ic2.101.ru
#	Port                 : 8000
#	Loglevel             : warning
#	
#	Mon Oct  8 11:59:55 2018:  #	Mon Oct  8 12:01:44 2018:  
#	& 1538989304 Started at Mon Oct  8 12:01:44 2018 Application name: /home/irina/Eclipseworkspace/accordion_V9.X/Debug/accordion_V9.X  Version 9.2 от 04.10.2018
#	Pid                  : 16812
#	Log      file name   : ./log/0/a236.log
#	Config   file name   : /home/irina/Eclipseworkspace/accordion_V9.X/conf/Template.ini
#	Playlist file name   : /ssd
#	Mount point          : a236
#	Stream name          : Eltom John
#	Address              : ic2.101.ru
#	Port                 : 8000
#	Loglevel             : warning
#	
#	Mon Oct  8 13:04:06 2018:  #	Mon Oct  8 13:06:32 2018:  
#	& 1538993192 Started at Mon Oct  8 13:06:32 2018 Application name: /home/irina/Eclipseworkspace/accordion_V9.X/Debug/accordion_V9.X  Version 9.2 от 04.10.2018
#	Pid                  : 18002
#	Log      file name   : ./log/0/a236.log
#	Config   file name   : /home/irina/Eclipseworkspace/accordion_V9.X/conf/Template.ini
#	Playlist file name   : /ssd
#	Mount point          : a236
#	Stream name          : Eltom John
#	Address              : ic2.101.ru
#	Port                 : 8000
#	Loglevel             : warning
#	
#	Mon Oct  8 13:09:34 2018:  
#	& 1538993374 Started at Mon Oct  8 13:09:34 2018 Application name: /home/irina/Eclipseworkspace/accordion_V9.X/Debug/accordion_V9.X  Version 9.2 от 04.10.2018
#	Pid                  : 18122
#	Log      file name   : ./log/0/a236.log
#	Config   file name   : /home/irina/Eclipseworkspace/accordion_V9.X/conf/Template.ini
#	Playlist file name   : /ssd
#	Mount point          : a236
#	Stream name          : Eltom John
#	Address              : ic2.101.ru
#	Port                 : 8000
#	Loglevel             : warning
#	
#	Mon Oct  8 13:10:24 2018:  
#	& 1538993424 Started at Mon Oct  8 13:10:24 2018 Application name: /home/irina/Eclipseworkspace/accordion_V9.X/Debug/accordion_V9.X  Version 9.2 от 04.10.2018
#	Pid                  : 18199
#	Log      file name   : ./log/0/a236.log
#	Config   file name   : /home/irina/Eclipseworkspace/accordion_V9.X/conf/Template.ini
#	Playlist file name   : /ssd
#	Mount point          : a236
#	Stream name          : Eltom John
#	Address              : ic2.101.ru
#	Port                 : 8000
#	Loglevel             : warning
#	
#	Mon Oct  8 13:10:50 2018:  
#	& 1538993450 Started at Mon Oct  8 13:10:50 2018 Application name: /home/irina/Eclipseworkspace/accordion_V9.X/Debug/accordion_V9.X  Version 9.2 от 04.10.2018
#	Pid                  : 18272
#	Log      file name   : ./log/0/a236.log
#	Config   file name   : /home/irina/Eclipseworkspace/accordion_V9.X/conf/Template.ini
#	Playlist file name   : /ssd
#	Mount point          : a236
#	Stream name          : Eltom John
#	Address              : ic2.101.ru
#	Port                 : 8000
#	Loglevel             : warning
#	
#	Mon Oct  8 13:11:07 2018:  #	Mon Oct  8 13:11:37 2018:  #	Mon Oct  8 13:52:10 2018:  #	Mon Oct  8 13:52:38 2018:  
#	& 1538995958 Started at Mon Oct  8 13:52:38 2018 Application name: /home/irina/Eclipseworkspace/accordion_V9.X/Debug/accordion_V9.X  Version 9.2 от 04.10.2018
#	Pid                  : 19795
#	Log      file name   : ./log/0/a236.log
#	Config   file name   : /home/irina/Eclipseworkspace/accordion_V9.X/conf/Template.ini
#	Playlist file name   : /ssd
#	Mount point          : a236
#	Stream name          : Eltom John
#	Address              : ic2.101.ru
#	Port                 : 8000
#	Loglevel             : warning
#	
#	Mon Oct  8 13:56:08 2018:  
#	& 1538996168 Started at Mon Oct  8 13:56:08 2018 Application name: /home/irina/Eclipseworkspace/accordion_V9.X/Debug/accordion_V9.X  Version 9.2 от 04.10.2018
#	Pid                  : 19899
#	Log      file name   : ./log/0/a236.log
#	Config   file name   : /home/irina/Eclipseworkspace/accordion_V9.X/conf/Template.ini
#	Playlist file name   : /ssd
#	Mount point          : a236
#	Stream name          : Eltom John
#	Address              : ic2.101.ru
#	Port                 : 8000
#	Loglevel             : warning
#	
#	Mon Oct  8 13:56:39 2018:  
#	& 1538996199 Started at Mon Oct  8 13:56:39 2018 Application name: /home/irina/Eclipseworkspace/accordion_V9.X/Debug/accordion_V9.X  Version 9.2 от 04.10.2018
#	Pid                  : 19934
#	Log      file name   : ./log/0/a236.log
#	Config   file name   : /home/irina/Eclipseworkspace/accordion_V9.X/conf/Template.ini
#	Playlist file name   : /ssd
#	Mount point          : a236
#	Stream name          : Eltom John
#	Address              : ic2.101.ru
#	Port                 : 8000
#	Loglevel             : warning
#	
#	Mon Oct  8 13:58:40 2018:  
#	& 1538996320 Started at Mon Oct  8 13:58:40 2018 Application name: /home/irina/Eclipseworkspace/accordion_V9.X/Debug/accordion_V9.X  Version 9.2 от 04.10.2018
#	Pid                  : 20026
#	Log      file name   : ./log/0/a236.log
#	Config   file name   : /home/irina/Eclipseworkspace/accordion_V9.X/conf/Template.ini
#	Playlist file name   : /ssd
#	Mount point          : a236
#	Stream name          : Eltom John
#	Address              : ic2.101.ru
#	Port                 : 8000
#	Loglevel             : warning
#	
#	Mon Oct  8 14:01:05 2018:  
#	& 1538996465 Started at Mon Oct  8 14:01:05 2018 Application name: /home/irina/Eclipseworkspace/accordion_V9.X/Debug/accordion_V9.X  Version 9.2 от 04.10.2018
#	Pid                  : 20238
#	Log      file name   : ./log/0/a236.log
#	Config   file name   : /home/irina/Eclipseworkspace/accordion_V9.X/conf/Template.ini
#	Playlist file name   : /ssd
#	Mount point          : a236
#	Stream name          : Eltom John
#	Address              : ic2.101.ru
#	Port                 : 8000
#	Loglevel             : warning
#	
#	Mon Oct  8 14:02:45 2018:  
#	& 1538996565 Started at Mon Oct  8 14:02:45 2018 Application name: /home/irina/Eclipseworkspace/accordion_V9.X/Debug/accordion_V9.X  Version 9.2 от 04.10.2018
#	Pid                  : 20323
#	Log      file name   : ./log/0/a236.log
#	Config   file name   : /home/irina/Eclipseworkspace/accordion_V9.X/conf/Template.ini
#	Playlist file name   : /ssd
#	Mount point          : a236
#	Stream name          : Eltom John
#	Address              : ic2.101.ru
#	Port                 : 8000
#	Loglevel             : warning
#	
#	Mon Oct  8 14:05:39 2018:  
#	& 1538996739 Started at Mon Oct  8 14:05:39 2018 Application name: /home/irina/Eclipseworkspace/accordion_V9.X/Debug/accordion_V9.X  Version 9.2 от 04.10.2018
#	Pid                  : 20411
#	Log      file name   : ./log/0/a236.log
#	Config   file name   : /home/irina/Eclipseworkspace/accordion_V9.X/conf/Template.ini
#	Playlist file name   : /ssd
#	Mount point          : a236
#	Stream name          : Eltom John
#	Address              : ic2.101.ru
#	Port                 : 8000
#	Loglevel             : warning
#	
#	Mon Oct  8 14:07:34 2018:  
#	& 1538996854 Started at Mon Oct  8 14:07:34 2018 Application name: /home/irina/Eclipseworkspace/accordion_V9.X/Debug/accordion_V9.X  Version 9.2 от 04.10.2018
#	Pid                  : 20476
#	Log      file name   : ./log/0/a236.log
#	Config   file name   : /home/irina/Eclipseworkspace/accordion_V9.X/conf/Template.ini
#	Playlist file name   : /ssd
#	Mount point          : a236
#	Stream name          : Eltom John
#	Address              : ic2.101.ru
#	Port                 : 8000
#	Loglevel             : warning
#	
#	Mon Oct  8 14:09:21 2018:  
#	& 1538996961 Started at Mon Oct  8 14:09:21 2018 Application name: /home/irina/Eclipseworkspace/accordion_V9.X/Debug/accordion_V9.X  Version 9.2 от 04.10.2018
#	Pid                  : 20607
#	Log      file name   : ./log/0/a236.log
#	Config   file name   : /home/irina/Eclipseworkspace/accordion_V9.X/conf/Template.ini
#	Playlist file name   : /ssd
#	Mount point          : a236
#	Stream name          : Eltom John
#	Address              : ic2.101.ru
#	Port                 : 8000
#	Loglevel             : warning
#	
